Camera.obj : error LNK2019: unresolved external symbol "__declspec(dllimport) public: __cdecl sf::Time::Time(void)" (__imp_??0Time@sf@@QEAA@XZ) referenced in function "public: __cdecl Camera::Camera(void)" (??0Camera@@QEAA@XZ)
Camera.obj : error LNK2019: unresolved external symbol "__declspec(dllimport) public: float __cdecl sf::Time::asSeconds(void)const " (__imp_?asSeconds@Time@sf@@QEBAMXZ) referenced in function "public: void __cdecl Camera::draggableCamera(class sf::RenderWindow &,class sf::Event,bool &,class sf::View &)" (?draggableCamera@Camera@@QEAAXAEAVRenderWindow@sf@@VEvent@3@AEA_NAEAVView@3@@Z)
Player.obj : error LNK2001: unresolved external symbol "__declspec(dllimport) public: float __cdecl sf::Time::asSeconds(void)const " (__imp_?asSeconds@Time@sf@@QEBAMXZ)
Camera.obj : error LNK2019: unresolved external symbol "__declspec(dllimport) public: __cdecl sf::Clock::Clock(void)" (__imp_??0Clock@sf@@QEAA@XZ) referenced in function "public: __cdecl Camera::Camera(void)" (??0Camera@@QEAA@XZ)
Player.obj : error LNK2001: unresolved external symbol "__declspec(dllimport) public: __cdecl sf::Clock::Clock(void)" (__imp_??0Clock@sf@@QEAA@XZ)
Camera.obj : error LNK2019: unresolved external symbol "__declspec(dllimport) public: class sf::Time __cdecl sf::Clock::getElapsedTime(void)const " (__imp_?getElapsedTime@Clock@sf@@QEBA?AVTime@2@XZ) referenced in function "public: void __cdecl Camera::draggableCamera(class sf::RenderWindow &,class sf::Event,bool &,class sf::View &)" (?draggableCamera@Camera@@QEAAXAEAVRenderWindow@sf@@VEvent@3@AEA_NAEAVView@3@@Z)
Camera.obj : error LNK2019: unresolved external symbol "__declspec(dllimport) public: class sf::Time __cdecl sf::Clock::restart(void)" (__imp_?restart@Clock@sf@@QEAA?AVTime@2@XZ) referenced in function "public: void __cdecl Camera::draggableCamera(class sf::RenderWindow &,class sf::Event,bool &,class sf::View &)" (?draggableCamera@Camera@@QEAAXAEAVRenderWindow@sf@@VEvent@3@AEA_NAEAVView@3@@Z)
Player.obj : error LNK2001: unresolved external symbol "__declspec(dllimport) public: class sf::Time __cdecl sf::Clock::restart(void)" (__imp_?restart@Clock@sf@@QEAA?AVTime@2@XZ)
Camera.obj : error LNK2019: unresolved external symbol "__declspec(dllimport) public: static bool __cdecl sf::Mouse::isButtonPressed(enum sf::Mouse::Button)" (__imp_?isButtonPressed@Mouse@sf@@SA_NW4Button@12@@Z) referenced in function "public: void __cdecl Camera::draggableCamera(class sf::RenderWindow &,class sf::Event,bool &,class sf::View &)" (?draggableCamera@Camera@@QEAAXAEAVRenderWindow@sf@@VEvent@3@AEA_NAEAVView@3@@Z)
Camera.obj : error LNK2019: unresolved external symbol "__declspec(dllimport) public: static class sf::Vector2<int> __cdecl sf::Mouse::getPosition(class sf::Window const &)" (__imp_?getPosition@Mouse@sf@@SA?AV?$Vector2@H@2@AEBVWindow@2@@Z) referenced in function "public: void __cdecl Camera::draggableCamera(class sf::RenderWindow &,class sf::Event,bool &,class sf::View &)" (?draggableCamera@Camera@@QEAAXAEAVRenderWindow@sf@@VEvent@3@AEA_NAEAVView@3@@Z)
Camera.obj : error LNK2019: unresolved external symbol "__declspec(dllimport) public: void __cdecl sf::Window::setMouseCursorVisible(bool)" (__imp_?setMouseCursorVisible@Window@sf@@QEAAX_N@Z) referenced in function "public: void __cdecl Camera::draggableCamera(class sf::RenderWindow &,class sf::Event,bool &,class sf::View &)" (?draggableCamera@Camera@@QEAAXAEAVRenderWindow@sf@@VEvent@3@AEA_NAEAVView@3@@Z)
Camera.obj : error LNK2019: unresolved external symbol "__declspec(dllimport) public: __cdecl sf::View::View(void)" (__imp_??0View@sf@@QEAA@XZ) referenced in function "public: __cdecl Camera::Camera(void)" (??0Camera@@QEAA@XZ)
Game.obj : error LNK2001: unresolved external symbol "__declspec(dllimport) public: __cdecl sf::View::View(void)" (__imp_??0View@sf@@QEAA@XZ)
Camera.obj : error LNK2019: unresolved external symbol "__declspec(dllimport) public: void __cdecl sf::View::setCenter(float,float)" (__imp_?setCenter@View@sf@@QEAAXMM@Z) referenced in function "public: void __cdecl Camera::draggableCamera(class sf::RenderWindow &,class sf::Event,bool &,class sf::View &)" (?draggableCamera@Camera@@QEAAXAEAVRenderWindow@sf@@VEvent@3@AEA_NAEAVView@3@@Z)
Game.obj : error LNK2001: unresolved external symbol "__declspec(dllimport) public: void __cdecl sf::View::setCenter(float,float)" (__imp_?setCenter@View@sf@@QEAAXMM@Z)
Camera.obj : error LNK2019: unresolved external symbol "__declspec(dllimport) public: void __cdecl sf::View::setCenter(class sf::Vector2<float> const &)" (__imp_?setCenter@View@sf@@QEAAXAEBV?$Vector2@M@2@@Z) referenced in function "public: void __cdecl Camera::CameraPerspective(class sf::RenderWindow &,class sf::Vector2<float>,class sf::View,bool &)" (?CameraPerspective@Camera@@QEAAXAEAVRenderWindow@sf@@V?$Vector2@M@3@VView@3@AEA_N@Z)
Camera.obj : error LNK2019: unresolved external symbol "__declspec(dllimport) public: void __cdecl sf::View::setSize(float,float)" (__imp_?setSize@View@sf@@QEAAXMM@Z) referenced in function "public: void __cdecl Camera::CameraNormal(class sf::RenderWindow &)" (?CameraNormal@Camera@@QEAAXAEAVRenderWindow@sf@@@Z)
Camera.obj : error LNK2019: unresolved external symbol "__declspec(dllimport) public: void __cdecl sf::View::setViewport(class sf::Rect<float> const &)" (__imp_?setViewport@View@sf@@QEAAXAEBV?$Rect@M@2@@Z) referenced in function "public: void __cdecl Camera::CameraNormal(class sf::RenderWindow &)" (?CameraNormal@Camera@@QEAAXAEAVRenderWindow@sf@@@Z)
Camera.obj : error LNK2019: unresolved external symbol "__declspec(dllimport) public: class sf::Vector2<float> const & __cdecl sf::View::getCenter(void)const " (__imp_?getCenter@View@sf@@QEBAAEBV?$Vector2@M@2@XZ) referenced in function "public: void __cdecl Camera::CameraPerspective(class sf::RenderWindow &,class sf::Vector2<float>,class sf::View,bool &)" (?CameraPerspective@Camera@@QEAAXAEAVRenderWindow@sf@@V?$Vector2@M@3@VView@3@AEA_N@Z)
Game.obj : error LNK2001: unresolved external symbol "__declspec(dllimport) public: class sf::Vector2<float> const & __cdecl sf::View::getCenter(void)const " (__imp_?getCenter@View@sf@@QEBAAEBV?$Vector2@M@2@XZ)
Camera.obj : error LNK2019: unresolved external symbol "__declspec(dllimport) public: class sf::Vector2<float> const & __cdecl sf::View::getSize(void)const " (__imp_?getSize@View@sf@@QEBAAEBV?$Vector2@M@2@XZ) referenced in function "public: void __cdecl Camera::CameraNormal(class sf::RenderWindow &)" (?CameraNormal@Camera@@QEAAXAEAVRenderWindow@sf@@@Z)
Camera.obj : error LNK2019: unresolved external symbol "__declspec(dllimport) public: void __cdecl sf::RenderTarget::setView(class sf::View const &)" (__imp_?setView@RenderTarget@sf@@QEAAXAEBVView@2@@Z) referenced in function "public: void __cdecl Camera::CameraNormal(class sf::RenderWindow &)" (?CameraNormal@Camera@@QEAAXAEAVRenderWindow@sf@@@Z)
Game.obj : error LNK2001: unresolved external symbol "__declspec(dllimport) public: void __cdecl sf::RenderTarget::setView(class sf::View const &)" (__imp_?setView@RenderTarget@sf@@QEAAXAEBVView@2@@Z)
Camera.obj : error LNK2019: unresolved external symbol "__declspec(dllimport) public: class sf::View const & __cdecl sf::RenderTarget::getDefaultView(void)const " (__imp_?getDefaultView@RenderTarget@sf@@QEBAAEBVView@2@XZ) referenced in function "public: void __cdecl Camera::CameraNormal(class sf::RenderWindow &)" (?CameraNormal@Camera@@QEAAXAEAVRenderWindow@sf@@@Z)
Game.obj : error LNK2001: unresolved external symbol "__declspec(dllimport) public: class sf::View const & __cdecl sf::RenderTarget::getDefaultView(void)const " (__imp_?getDefaultView@RenderTarget@sf@@QEBAAEBVView@2@XZ)
Score.obj : error LNK2001: unresolved external symbol "__declspec(dllimport) public: void __cdecl sf::Transformable::setPosition(float,float)" (__imp_?setPosition@Transformable@sf@@QEAAXMM@Z)
Chests.obj : error LNK2001: unresolved external symbol "__declspec(dllimport) public: void __cdecl sf::Transformable::setPosition(float,float)" (__imp_?setPosition@Transformable@sf@@QEAAXMM@Z)
Enemy.obj : error LNK2001: unresolved external symbol "__declspec(dllimport) public: void __cdecl sf::Transformable::setPosition(float,float)" (__imp_?setPosition@Transformable@sf@@QEAAXMM@Z)
Map.obj : error LNK2001: unresolved external symbol "__declspec(dllimport) public: void __cdecl sf::Transformable::setPosition(float,float)" (__imp_?setPosition@Transformable@sf@@QEAAXMM@Z)
Menu.obj : error LNK2001: unresolved external symbol "__declspec(dllimport) public: void __cdecl sf::Transformable::setPosition(float,float)" (__imp_?setPosition@Transformable@sf@@QEAAXMM@Z)
Chests.obj : error LNK2019: unresolved external symbol "__declspec(dllimport) public: void __cdecl sf::Transformable::setOrigin(class sf::Vector2<float> const &)" (__imp_?setOrigin@Transformable@sf@@QEAAXAEBV?$Vector2@M@2@@Z) referenced in function "public: __cdecl Chests::Chests(void)" (??0Chests@@QEAA@XZ)
Enemy.obj : error LNK2001: unresolved external symbol "__declspec(dllimport) public: void __cdecl sf::Transformable::setOrigin(class sf::Vector2<float> const &)" (__imp_?setOrigin@Transformable@sf@@QEAAXAEBV?$Vector2@M@2@@Z)
Chests.obj : error LNK2019: unresolved external symbol "__declspec(dllimport) public: void __cdecl sf::Shape::setTexture(class sf::Texture const *,bool)" (__imp_?setTexture@Shape@sf@@QEAAXPEBVTexture@2@_N@Z) referenced in function "public: __cdecl Chests::Chests(void)" (??0Chests@@QEAA@XZ)
Enemy.obj : error LNK2001: unresolved external symbol "__declspec(dllimport) public: void __cdecl sf::Shape::setTexture(class sf::Texture const *,bool)" (__imp_?setTexture@Shape@sf@@QEAAXPEBVTexture@2@_N@Z)
Player.obj : error LNK2001: unresolved external symbol "__declspec(dllimport) public: void __cdecl sf::Shape::setTexture(class sf::Texture const *,bool)" (__imp_?setTexture@Shape@sf@@QEAAXPEBVTexture@2@_N@Z)
Chests.obj : error LNK2019: unresolved external symbol "__declspec(dllimport) public: __cdecl sf::Texture::Texture(void)" (__imp_??0Texture@sf@@QEAA@XZ) referenced in function "public: __cdecl Chests::Chests(void)" (??0Chests@@QEAA@XZ)
Enemy.obj : error LNK2001: unresolved external symbol "__declspec(dllimport) public: __cdecl sf::Texture::Texture(void)" (__imp_??0Texture@sf@@QEAA@XZ)
Map.obj : error LNK2001: unresolved external symbol "__declspec(dllimport) public: __cdecl sf::Texture::Texture(void)" (__imp_??0Texture@sf@@QEAA@XZ)
Player.obj : error LNK2001: unresolved external symbol "__declspec(dllimport) public: __cdecl sf::Texture::Texture(void)" (__imp_??0Texture@sf@@QEAA@XZ)
Chests.obj : error LNK2019: unresolved external symbol "__declspec(dllimport) public: __cdecl sf::Texture::~Texture(void)" (__imp_??1Texture@sf@@QEAA@XZ) referenced in function "int `public: __cdecl Chests::Chests(void)'::`1'::dtor$1" (?dtor$1@?0???0Chests@@QEAA@XZ@4HA)
Enemy.obj : error LNK2001: unresolved external symbol "__declspec(dllimport) public: __cdecl sf::Texture::~Texture(void)" (__imp_??1Texture@sf@@QEAA@XZ)
Map.obj : error LNK2001: unresolved external symbol "__declspec(dllimport) public: __cdecl sf::Texture::~Texture(void)" (__imp_??1Texture@sf@@QEAA@XZ)
Player.obj : error LNK2001: unresolved external symbol "__declspec(dllimport) public: __cdecl sf::Texture::~Texture(void)" (__imp_??1Texture@sf@@QEAA@XZ)
Chests.obj : error LNK2019: unresolved external symbol "__declspec(dllimport) public: bool __cdecl sf::Texture::loadFromFile(class std::basic_string<char,struct std::char_traits<char>,class std::allocator<char> > const &,class sf::Rect<int> const &)" (__imp_?loadFromFile@Texture@sf@@QEAA_NAEBV?$basic_string@DU?$char_traits@D@std@@V?$allocator@D@2@@std@@AEBV?$Rect@H@2@@Z) referenced in function "public: __cdecl Chests::Chests(void)" (??0Chests@@QEAA@XZ)
Enemy.obj : error LNK2001: unresolved external symbol "__declspec(dllimport) public: bool __cdecl sf::Texture::loadFromFile(class std::basic_string<char,struct std::char_traits<char>,class std::allocator<char> > const &,class sf::Rect<int> const &)" (__imp_?loadFromFile@Texture@sf@@QEAA_NAEBV?$basic_string@DU?$char_traits@D@std@@V?$allocator@D@2@@std@@AEBV?$Rect@H@2@@Z)
Map.obj : error LNK2001: unresolved external symbol "__declspec(dllimport) public: bool __cdecl sf::Texture::loadFromFile(class std::basic_string<char,struct std::char_traits<char>,class std::allocator<char> > const &,class sf::Rect<int> const &)" (__imp_?loadFromFile@Texture@sf@@QEAA_NAEBV?$basic_string@DU?$char_traits@D@std@@V?$allocator@D@2@@std@@AEBV?$Rect@H@2@@Z)
Player.obj : error LNK2001: unresolved external symbol "__declspec(dllimport) public: bool __cdecl sf::Texture::loadFromFile(class std::basic_string<char,struct std::char_traits<char>,class std::allocator<char> > const &,class sf::Rect<int> const &)" (__imp_?loadFromFile@Texture@sf@@QEAA_NAEBV?$basic_string@DU?$char_traits@D@std@@V?$allocator@D@2@@std@@AEBV?$Rect@H@2@@Z)
Chests.obj : error LNK2019: unresolved external symbol "__declspec(dllimport) public: __cdecl sf::RectangleShape::RectangleShape(class sf::Vector2<float> const &)" (__imp_??0RectangleShape@sf@@QEAA@AEBV?$Vector2@M@1@@Z) referenced in function "public: __cdecl Chests::Chests(void)" (??0Chests@@QEAA@XZ)
Enemy.obj : error LNK2001: unresolved external symbol "__declspec(dllimport) public: __cdecl sf::RectangleShape::RectangleShape(class sf::Vector2<float> const &)" (__imp_??0RectangleShape@sf@@QEAA@AEBV?$Vector2@M@1@@Z)
Player.obj : error LNK2001: unresolved external symbol "__declspec(dllimport) public: __cdecl sf::RectangleShape::RectangleShape(class sf::Vector2<float> const &)" (__imp_??0RectangleShape@sf@@QEAA@AEBV?$Vector2@M@1@@Z)
Chests.obj : error LNK2019: unresolved external symbol "__declspec(dllimport) public: void __cdecl sf::RectangleShape::setSize(class sf::Vector2<float> const &)" (__imp_?setSize@RectangleShape@sf@@QEAAXAEBV?$Vector2@M@2@@Z) referenced in function "public: __cdecl Chests::Chests(void)" (??0Chests@@QEAA@XZ)
Enemy.obj : error LNK2001: unresolved external symbol "__declspec(dllimport) public: void __cdecl sf::RectangleShape::setSize(class sf::Vector2<float> const &)" (__imp_?setSize@RectangleShape@sf@@QEAAXAEBV?$Vector2@M@2@@Z)
Player.obj : error LNK2001: unresolved external symbol "__declspec(dllimport) public: void __cdecl sf::RectangleShape::setSize(class sf::Vector2<float> const &)" (__imp_?setSize@RectangleShape@sf@@QEAAXAEBV?$Vector2@M@2@@Z)
Chests.obj : error LNK2019: unresolved external symbol "__declspec(dllimport) public: class sf::Vector2<float> const & __cdecl sf::RectangleShape::getSize(void)const " (__imp_?getSize@RectangleShape@sf@@QEBAAEBV?$Vector2@M@2@XZ) referenced in function "public: __cdecl Chests::Chests(void)" (??0Chests@@QEAA@XZ)
Enemy.obj : error LNK2001: unresolved external symbol "__declspec(dllimport) public: class sf::Vector2<float> const & __cdecl sf::RectangleShape::getSize(void)const " (__imp_?getSize@RectangleShape@sf@@QEBAAEBV?$Vector2@M@2@XZ)
Player.obj : error LNK2001: unresolved external symbol "__declspec(dllimport) public: class sf::Vector2<float> const & __cdecl sf::RectangleShape::getSize(void)const " (__imp_?getSize@RectangleShape@sf@@QEBAAEBV?$Vector2@M@2@XZ)
Chests.obj : error LNK2019: unresolved external symbol "__declspec(dllimport) public: virtual __cdecl sf::RectangleShape::~RectangleShape(void)" (__imp_??1RectangleShape@sf@@UEAA@XZ) referenced in function "int `public: __cdecl Chests::Chests(void)'::`1'::dtor$0" (?dtor$0@?0???0Chests@@QEAA@XZ@4HA)
Enemy.obj : error LNK2001: unresolved external symbol "__declspec(dllimport) public: virtual __cdecl sf::RectangleShape::~RectangleShape(void)" (__imp_??1RectangleShape@sf@@UEAA@XZ)
Player.obj : error LNK2001: unresolved external symbol "__declspec(dllimport) public: virtual __cdecl sf::RectangleShape::~RectangleShape(void)" (__imp_??1RectangleShape@sf@@UEAA@XZ)
Player.obj : error LNK2019: unresolved external symbol "__declspec(dllimport) public: void __cdecl sf::RenderTarget::draw(class sf::Drawable const &,class sf::RenderStates const &)" (__imp_?draw@RenderTarget@sf@@QEAAXAEBVDrawable@2@AEBVRenderStates@2@@Z) referenced in function "public: void __cdecl Player::Update(class sf::Event,class Map &)" (?Update@Player@@QEAAXVEvent@sf@@AEAVMap@@@Z)
Score.obj : error LNK2001: unresolved external symbol "__declspec(dllimport) public: void __cdecl sf::RenderTarget::draw(class sf::Drawable const &,class sf::RenderStates const &)" (__imp_?draw@RenderTarget@sf@@QEAAXAEBVDrawable@2@AEBVRenderStates@2@@Z)
Chests.obj : error LNK2001: unresolved external symbol "__declspec(dllimport) public: void __cdecl sf::RenderTarget::draw(class sf::Drawable const &,class sf::RenderStates const &)" (__imp_?draw@RenderTarget@sf@@QEAAXAEBVDrawable@2@AEBVRenderStates@2@@Z)
Enemy.obj : error LNK2001: unresolved external symbol "__declspec(dllimport) public: void __cdecl sf::RenderTarget::draw(class sf::Drawable const &,class sf::RenderStates const &)" (__imp_?draw@RenderTarget@sf@@QEAAXAEBVDrawable@2@AEBVRenderStates@2@@Z)
Map.obj : error LNK2001: unresolved external symbol "__declspec(dllimport) public: void __cdecl sf::RenderTarget::draw(class sf::Drawable const &,class sf::RenderStates const &)" (__imp_?draw@RenderTarget@sf@@QEAAXAEBVDrawable@2@AEBVRenderStates@2@@Z)
Menu.obj : error LNK2001: unresolved external symbol "__declspec(dllimport) public: void __cdecl sf::RenderTarget::draw(class sf::Drawable const &,class sf::RenderStates const &)" (__imp_?draw@RenderTarget@sf@@QEAAXAEBVDrawable@2@AEBVRenderStates@2@@Z)
Player.obj : error LNK2019: unresolved external symbol "__declspec(dllimport) public: static class sf::RenderStates const sf::RenderStates::Default" (__imp_?Default@RenderStates@sf@@2V12@B) referenced in function "public: void __cdecl Player::setTextureMan(void)" (?setTextureMan@Player@@QEAAXXZ)
Score.obj : error LNK2001: unresolved external symbol "__declspec(dllimport) public: static class sf::RenderStates const sf::RenderStates::Default" (__imp_?Default@RenderStates@sf@@2V12@B)
Chests.obj : error LNK2001: unresolved external symbol "__declspec(dllimport) public: static class sf::RenderStates const sf::RenderStates::Default" (__imp_?Default@RenderStates@sf@@2V12@B)
Enemy.obj : error LNK2001: unresolved external symbol "__declspec(dllimport) public: static class sf::RenderStates const sf::RenderStates::Default" (__imp_?Default@RenderStates@sf@@2V12@B)
Map.obj : error LNK2001: unresolved external symbol "__declspec(dllimport) public: static class sf::RenderStates const sf::RenderStates::Default" (__imp_?Default@RenderStates@sf@@2V12@B)
Menu.obj : error LNK2001: unresolved external symbol "__declspec(dllimport) public: static class sf::RenderStates const sf::RenderStates::Default" (__imp_?Default@RenderStates@sf@@2V12@B)
Enemy.obj : error LNK2019: unresolved external symbol "__declspec(dllimport) public: class sf::Vector2<float> const & __cdecl sf::Transformable::getPosition(void)const " (__imp_?getPosition@Transformable@sf@@QEBAAEBV?$Vector2@M@2@XZ) referenced in function "public: void __cdecl Enemy::goToPlayer(class sf::Vector2<float>)" (?goToPlayer@Enemy@@QEAAXV?$Vector2@M@sf@@@Z)
Map.obj : error LNK2001: unresolved external symbol "__declspec(dllimport) public: class sf::Vector2<float> const & __cdecl sf::Transformable::getPosition(void)const " (__imp_?getPosition@Transformable@sf@@QEBAAEBV?$Vector2@M@2@XZ)
Player.obj : error LNK2001: unresolved external symbol "__declspec(dllimport) public: class sf::Vector2<float> const & __cdecl sf::Transformable::getPosition(void)const " (__imp_?getPosition@Transformable@sf@@QEBAAEBV?$Vector2@M@2@XZ)
Enemy.obj : error LNK2019: unresolved external symbol "__declspec(dllimport) public: void __cdecl sf::Transformable::move(float,float)" (__imp_?move@Transformable@sf@@QEAAXMM@Z) referenced in function "public: void __cdecl Enemy::goToPlayer(class sf::Vector2<float>)" (?goToPlayer@Enemy@@QEAAXV?$Vector2@M@sf@@@Z)
Enemy.obj : error LNK2019: unresolved external symbol "__declspec(dllimport) public: void __cdecl sf::Shape::setTextureRect(class sf::Rect<int> const &)" (__imp_?setTextureRect@Shape@sf@@QEAAXAEBV?$Rect@H@2@@Z) referenced in function "public: void __cdecl Enemy::goToPlayer(class sf::Vector2<float>)" (?goToPlayer@Enemy@@QEAAXV?$Vector2@M@sf@@@Z)
Player.obj : error LNK2001: unresolved external symbol "__declspec(dllimport) public: void __cdecl sf::Shape::setTextureRect(class sf::Rect<int> const &)" (__imp_?setTextureRect@Shape@sf@@QEAAXAEBV?$Rect@H@2@@Z)
Enemy.obj : error LNK2019: unresolved external symbol "__declspec(dllimport) public: class sf::Vector2<unsigned int> __cdecl sf::Texture::getSize(void)const " (__imp_?getSize@Texture@sf@@QEBA?AV?$Vector2@I@2@XZ) referenced in function "public: void __cdecl Enemy::Animation(void)" (?Animation@Enemy@@QEAAXXZ)
Player.obj : error LNK2001: unresolved external symbol "__declspec(dllimport) public: class sf::Vector2<unsigned int> __cdecl sf::Texture::getSize(void)const " (__imp_?getSize@Texture@sf@@QEBA?AV?$Vector2@I@2@XZ)
Enemy.obj : error LNK2019: unresolved external symbol "__declspec(dllimport) public: __cdecl sf::RectangleShape::RectangleShape(class sf::RectangleShape const &)" (__imp_??0RectangleShape@sf@@QEAA@AEBV01@@Z) referenced in function "public: void __cdecl std::allocator<class sf::RectangleShape>::construct<class sf::RectangleShape,class sf::RectangleShape &>(class sf::RectangleShape *,class sf::RectangleShape &)" (??$construct@VRectangleShape@sf@@AEAV12@@?$allocator@VRectangleShape@sf@@@std@@QEAAXPEAVRectangleShape@sf@@AEAV23@@Z)
Enemy.obj : error LNK2001: unresolved external symbol "private: virtual void __cdecl sf::Shape::draw(class sf::RenderTarget &,class sf::RenderStates)const " (?draw@Shape@sf@@EEBAXAEAVRenderTarget@2@VRenderStates@2@@Z)
Enemy.obj : error LNK2001: unresolved external symbol "public: virtual class sf::Vector2<float> __cdecl sf::RectangleShape::getPoint(unsigned __int64)const " (?getPoint@RectangleShape@sf@@UEBA?AV?$Vector2@M@2@_K@Z)
Enemy.obj : error LNK2001: unresolved external symbol "public: virtual unsigned __int64 __cdecl sf::RectangleShape::getPointCount(void)const " (?getPointCount@RectangleShape@sf@@UEBA_KXZ)
Game.obj : error LNK2019: unresolved external symbol "__declspec(dllimport) public: __cdecl sf::String::String(char const *,class std::locale const &)" (__imp_??0String@sf@@QEAA@PEBDAEBVlocale@std@@@Z) referenced in function "public: void __cdecl Game::GameRun(void)" (?GameRun@Game@@QEAAXXZ)
Menu.obj : error LNK2001: unresolved external symbol "__declspec(dllimport) public: __cdecl sf::String::String(char const *,class std::locale const &)" (__imp_??0String@sf@@QEAA@PEBDAEBVlocale@std@@@Z)
Game.obj : error LNK2019: unresolved external symbol "__declspec(dllimport) public: __cdecl sf::String::~String(void)" (__imp_??1String@sf@@QEAA@XZ) referenced in function "public: void __cdecl Game::GameRun(void)" (?GameRun@Game@@QEAAXXZ)
Menu.obj : error LNK2001: unresolved external symbol "__declspec(dllimport) public: __cdecl sf::String::~String(void)" (__imp_??1String@sf@@QEAA@XZ)
Score.obj : error LNK2001: unresolved external symbol "__declspec(dllimport) public: __cdecl sf::String::~String(void)" (__imp_??1String@sf@@QEAA@XZ)
Game.obj : error LNK2019: unresolved external symbol "__declspec(dllimport) public: __cdecl sf::VideoMode::VideoMode(unsigned int,unsigned int,unsigned int)" (__imp_??0VideoMode@sf@@QEAA@III@Z) referenced in function "public: void __cdecl Game::GameRun(void)" (?GameRun@Game@@QEAAXXZ)
Menu.obj : error LNK2001: unresolved external symbol "__declspec(dllimport) public: __cdecl sf::VideoMode::VideoMode(unsigned int,unsigned int,unsigned int)" (__imp_??0VideoMode@sf@@QEAA@III@Z)
Game.obj : error LNK2019: unresolved external symbol "__declspec(dllimport) public: void __cdecl sf::Window::close(void)" (__imp_?close@Window@sf@@QEAAXXZ) referenced in function "public: void __cdecl Game::processEvents(class sf::RenderWindow &)" (?processEvents@Game@@QEAAXAEAVRenderWindow@sf@@@Z)
Game.obj : error LNK2019: unresolved external symbol "__declspec(dllimport) public: bool __cdecl sf::Window::isOpen(void)const " (__imp_?isOpen@Window@sf@@QEBA_NXZ) referenced in function "public: void __cdecl Game::GameRun(void)" (?GameRun@Game@@QEAAXXZ)
Game.obj : error LNK2019: unresolved external symbol "__declspec(dllimport) public: bool __cdecl sf::Window::pollEvent(class sf::Event &)" (__imp_?pollEvent@Window@sf@@QEAA_NAEAVEvent@2@@Z) referenced in function "public: void __cdecl Game::GameRun(void)" (?GameRun@Game@@QEAAXXZ)
Game.obj : error LNK2019: unresolved external symbol "__declspec(dllimport) public: void __cdecl sf::Window::setFramerateLimit(unsigned int)" (__imp_?setFramerateLimit@Window@sf@@QEAAXI@Z) referenced in function "public: void __cdecl Game::GameRun(void)" (?GameRun@Game@@QEAAXXZ)
Game.obj : error LNK2019: unresolved external symbol "__declspec(dllimport) public: void __cdecl sf::Window::display(void)" (__imp_?display@Window@sf@@QEAAXXZ) referenced in function "public: void __cdecl Game::GameRun(void)" (?GameRun@Game@@QEAAXXZ)
Game.obj : error LNK2019: unresolved external symbol "__declspec(dllimport) public: class sf::RectangleShape & __cdecl sf::RectangleShape::operator=(class sf::RectangleShape &&)" (__imp_??4RectangleShape@sf@@QEAAAEAV01@$$QEAV01@@Z) referenced in function "class sf::RectangleShape * __cdecl std::_Move_unchecked1<class sf::RectangleShape *,class sf::RectangleShape *>(class sf::RectangleShape *,class sf::RectangleShape *,class sf::RectangleShape *,struct std::_General_ptr_iterator_tag)" (??$_Move_unchecked1@PEAVRectangleShape@sf@@PEAV12@@std@@YAPEAVRectangleShape@sf@@PEAV12@00U_General_ptr_iterator_tag@0@@Z)
Game.obj : error LNK2019: unresolved external symbol "__declspec(dllimport) public: void __cdecl sf::View::zoom(float)" (__imp_?zoom@View@sf@@QEAAXM@Z) referenced in function "public: void __cdecl Game::processEvents(class sf::RenderWindow &)" (?processEvents@Game@@QEAAXAEAVRenderWindow@sf@@@Z)
Game.obj : error LNK2019: unresolved external symbol "__declspec(dllimport) public: void __cdecl sf::RenderTarget::clear(class sf::Color const &)" (__imp_?clear@RenderTarget@sf@@QEAAXAEBVColor@2@@Z) referenced in function "public: void __cdecl Game::GameRun(void)" (?GameRun@Game@@QEAAXXZ)
Game.obj : error LNK2019: unresolved external symbol "__declspec(dllimport) public: __cdecl sf::RenderWindow::RenderWindow(class sf::VideoMode,class sf::String const &,unsigned int,struct sf::ContextSettings const &)" (__imp_??0RenderWindow@sf@@QEAA@VVideoMode@1@AEBVString@1@IAEBUContextSettings@1@@Z) referenced in function "public: void __cdecl Game::GameRun(void)" (?GameRun@Game@@QEAAXXZ)
Game.obj : error LNK2019: unresolved external symbol "__declspec(dllimport) public: virtual __cdecl sf::RenderWindow::~RenderWindow(void)" (__imp_??1RenderWindow@sf@@UEAA@XZ) referenced in function "public: void __cdecl Game::GameRun(void)" (?GameRun@Game@@QEAAXXZ)
Game.obj : error LNK2001: unresolved external symbol "__declspec(dllimport) public: static class sf::Color const sf::Color::Black" (__imp_?Black@Color@sf@@2V12@B)
Map.obj : error LNK2019: unresolved external symbol "__declspec(dllimport) public: __cdecl sf::Sprite::Sprite(void)" (__imp_??0Sprite@sf@@QEAA@XZ) referenced in function "public: __cdecl std::pair<class sf::Sprite,bool>::pair<class sf::Sprite,bool><class sf::Sprite,bool,void>(void)" (??$?0VSprite@sf@@_NX@?$pair@VSprite@sf@@_N@std@@QEAA@XZ)
Map.obj : error LNK2019: unresolved external symbol "__declspec(dllimport) public: void __cdecl sf::Sprite::setTexture(class sf::Texture const &,bool)" (__imp_?setTexture@Sprite@sf@@QEAAXAEBVTexture@2@_N@Z) referenced in function "public: __cdecl Map::Map(void)" (??0Map@@QEAA@XZ)
Map.obj : error LNK2019: unresolved external symbol "__declspec(dllimport) public: void __cdecl sf::Sprite::setTextureRect(class sf::Rect<int> const &)" (__imp_?setTextureRect@Sprite@sf@@QEAAXAEBV?$Rect@H@2@@Z) referenced in function "public: void __cdecl Map::createMap(void)" (?createMap@Map@@QEAAXXZ)
Map.obj : error LNK2019: unresolved external symbol "__declspec(dllimport) public: virtual __cdecl sf::Sprite::~Sprite(void)" (__imp_??1Sprite@sf@@UEAA@XZ) referenced in function "public: __cdecl std::pair<class sf::Sprite,bool>::~pair<class sf::Sprite,bool>(void)" (??1?$pair@VSprite@sf@@_N@std@@QEAA@XZ)
Map.obj : error LNK2019: unresolved external symbol "__declspec(dllimport) public: __cdecl sf::Sprite::Sprite(class sf::Sprite const &)" (__imp_??0Sprite@sf@@QEAA@AEBV01@@Z) referenced in function "public: __cdecl std::pair<class sf::Sprite,bool>::pair<class sf::Sprite,bool>(struct std::pair<class sf::Sprite,bool> const &)" (??0?$pair@VSprite@sf@@_N@std@@QEAA@AEBU01@@Z)
Map.obj : error LNK2019: unresolved external symbol "__declspec(dllimport) public: __cdecl sf::Sprite::Sprite(class sf::Sprite &&)" (__imp_??0Sprite@sf@@QEAA@$$QEAV01@@Z) referenced in function "public: __cdecl std::pair<class sf::Sprite,bool>::pair<class sf::Sprite,bool>(struct std::pair<class sf::Sprite,bool> &&)" (??0?$pair@VSprite@sf@@_N@std@@QEAA@$$QEAU01@@Z)
Menu.obj : error LNK2019: unresolved external symbol "__declspec(dllimport) public: void __cdecl sf::Window::create(class sf::VideoMode,class sf::String const &,unsigned int,struct sf::ContextSettings const &)" (__imp_?create@Window@sf@@QEAAXVVideoMode@2@AEBVString@2@IAEBUContextSettings@2@@Z) referenced in function "public: void __cdecl Menu::resizeWindow(class sf::RenderWindow &)" (?resizeWindow@Menu@@QEAAXAEAVRenderWindow@sf@@@Z)
Menu.obj : error LNK2019: unresolved external symbol "__declspec(dllimport) public: void __cdecl sf::Window::setPosition(class sf::Vector2<int> const &)" (__imp_?setPosition@Window@sf@@QEAAXAEBV?$Vector2@H@2@@Z) referenced in function "public: void __cdecl Menu::resizeWindow(class sf::RenderWindow &)" (?resizeWindow@Menu@@QEAAXAEAVRenderWindow@sf@@@Z)
Menu.obj : error LNK2019: unresolved external symbol "__declspec(dllimport) public: void __cdecl sf::Transformable::setPosition(class sf::Vector2<float> const &)" (__imp_?setPosition@Transformable@sf@@QEAAXAEBV?$Vector2@M@2@@Z) referenced in function "public: __cdecl Menu::Menu(void)" (??0Menu@@QEAA@XZ)
Player.obj : error LNK2001: unresolved external symbol "__declspec(dllimport) public: void __cdecl sf::Transformable::setPosition(class sf::Vector2<float> const &)" (__imp_?setPosition@Transformable@sf@@QEAAXAEBV?$Vector2@M@2@@Z)
Menu.obj : error LNK2019: unresolved external symbol "__declspec(dllimport) public: void __cdecl sf::Transformable::setScale(class sf::Vector2<float> const &)" (__imp_?setScale@Transformable@sf@@QEAAXAEBV?$Vector2@M@2@@Z) referenced in function "public: __cdecl Menu::Menu(void)" (??0Menu@@QEAA@XZ)
Score.obj : error LNK2001: unresolved external symbol "__declspec(dllimport) public: void __cdecl sf::Transformable::setScale(class sf::Vector2<float> const &)" (__imp_?setScale@Transformable@sf@@QEAAXAEBV?$Vector2@M@2@@Z)
Menu.obj : error LNK2019: unresolved external symbol "__declspec(dllimport) public: __cdecl sf::Font::Font(void)" (__imp_??0Font@sf@@QEAA@XZ) referenced in function "public: __cdecl Menu::Menu(void)" (??0Menu@@QEAA@XZ)
Score.obj : error LNK2001: unresolved external symbol "__declspec(dllimport) public: __cdecl sf::Font::Font(void)" (__imp_??0Font@sf@@QEAA@XZ)
Menu.obj : error LNK2019: unresolved external symbol "__declspec(dllimport) public: __cdecl sf::Font::~Font(void)" (__imp_??1Font@sf@@QEAA@XZ) referenced in function "int `public: __cdecl Menu::Menu(void)'::`1'::dtor$0" (?dtor$0@?0???0Menu@@QEAA@XZ@4HA)
Score.obj : error LNK2001: unresolved external symbol "__declspec(dllimport) public: __cdecl sf::Font::~Font(void)" (__imp_??1Font@sf@@QEAA@XZ)
Menu.obj : error LNK2019: unresolved external symbol "__declspec(dllimport) public: bool __cdecl sf::Font::loadFromFile(class std::basic_string<char,struct std::char_traits<char>,class std::allocator<char> > const &)" (__imp_?loadFromFile@Font@sf@@QEAA_NAEBV?$basic_string@DU?$char_traits@D@std@@V?$allocator@D@2@@std@@@Z) referenced in function "public: __cdecl Menu::Menu(void)" (??0Menu@@QEAA@XZ)
Score.obj : error LNK2001: unresolved external symbol "__declspec(dllimport) public: bool __cdecl sf::Font::loadFromFile(class std::basic_string<char,struct std::char_traits<char>,class std::allocator<char> > const &)" (__imp_?loadFromFile@Font@sf@@QEAA_NAEBV?$basic_string@DU?$char_traits@D@std@@V?$allocator@D@2@@std@@@Z)
Menu.obj : error LNK2019: unresolved external symbol "__declspec(dllimport) public: __cdecl sf::Text::Text(void)" (__imp_??0Text@sf@@QEAA@XZ) referenced in function "public: __cdecl Menu::Menu(void)" (??0Menu@@QEAA@XZ)
Score.obj : error LNK2001: unresolved external symbol "__declspec(dllimport) public: __cdecl sf::Text::Text(void)" (__imp_??0Text@sf@@QEAA@XZ)
Menu.obj : error LNK2019: unresolved external symbol "__declspec(dllimport) public: void __cdecl sf::Text::setString(class sf::String const &)" (__imp_?setString@Text@sf@@QEAAXAEBVString@2@@Z) referenced in function "public: __cdecl Menu::Menu(void)" (??0Menu@@QEAA@XZ)
Score.obj : error LNK2001: unresolved external symbol "__declspec(dllimport) public: void __cdecl sf::Text::setString(class sf::String const &)" (__imp_?setString@Text@sf@@QEAAXAEBVString@2@@Z)
Menu.obj : error LNK2019: unresolved external symbol "__declspec(dllimport) public: void __cdecl sf::Text::setFont(class sf::Font const &)" (__imp_?setFont@Text@sf@@QEAAXAEBVFont@2@@Z) referenced in function "public: __cdecl Menu::Menu(void)" (??0Menu@@QEAA@XZ)
Score.obj : error LNK2001: unresolved external symbol "__declspec(dllimport) public: void __cdecl sf::Text::setFont(class sf::Font const &)" (__imp_?setFont@Text@sf@@QEAAXAEBVFont@2@@Z)
Menu.obj : error LNK2019: unresolved external symbol "__declspec(dllimport) public: void __cdecl sf::Text::setFillColor(class sf::Color const &)" (__imp_?setFillColor@Text@sf@@QEAAXAEBVColor@2@@Z) referenced in function "public: __cdecl Menu::Menu(void)" (??0Menu@@QEAA@XZ)
Score.obj : error LNK2001: unresolved external symbol "__declspec(dllimport) public: void __cdecl sf::Text::setFillColor(class sf::Color const &)" (__imp_?setFillColor@Text@sf@@QEAAXAEBVColor@2@@Z)
Menu.obj : error LNK2019: unresolved external symbol "__declspec(dllimport) public: virtual __cdecl sf::Text::~Text(void)" (__imp_??1Text@sf@@UEAA@XZ) referenced in function "int `public: __cdecl Menu::Menu(void)'::`1'::dtor$1" (?dtor$1@?0???0Menu@@QEAA@XZ@4HA)
Score.obj : error LNK2001: unresolved external symbol "__declspec(dllimport) public: virtual __cdecl sf::Text::~Text(void)" (__imp_??1Text@sf@@UEAA@XZ)
Menu.obj : error LNK2019: unresolved external symbol "__declspec(dllimport) public: __cdecl sf::Text::Text(class sf::Text const &)" (__imp_??0Text@sf@@QEAA@AEBV01@@Z) referenced in function "public: void __cdecl std::allocator<class sf::Text>::construct<class sf::Text,class sf::Text &>(class sf::Text *,class sf::Text &)" (??$construct@VText@sf@@AEAV12@@?$allocator@VText@sf@@@std@@QEAAXPEAVText@sf@@AEAV23@@Z)
Menu.obj : error LNK2019: unresolved external symbol "__declspec(dllimport) public: class sf::Text & __cdecl sf::Text::operator=(class sf::Text const &)" (__imp_??4Text@sf@@QEAAAEAV01@AEBV01@@Z) referenced in function "class sf::Text * __cdecl std::_Copy_unchecked1<class sf::Text *,class sf::Text *>(class sf::Text *,class sf::Text *,class sf::Text *,struct std::_General_ptr_iterator_tag)" (??$_Copy_unchecked1@PEAVText@sf@@PEAV12@@std@@YAPEAVText@sf@@PEAV12@00U_General_ptr_iterator_tag@0@@Z)
Menu.obj : error LNK2001: unresolved external symbol "private: virtual void __cdecl sf::Text::draw(class sf::RenderTarget &,class sf::RenderStates)const " (?draw@Text@sf@@EEBAXAEAVRenderTarget@2@VRenderStates@2@@Z)
Menu.obj : error LNK2001: unresolved external symbol "__declspec(dllimport) public: static class sf::Color const sf::Color::White" (__imp_?White@Color@sf@@2V12@B)
Menu.obj : error LNK2001: unresolved external symbol "__declspec(dllimport) public: static class sf::Color const sf::Color::Red" (__imp_?Red@Color@sf@@2V12@B)
Score.obj : error LNK2001: unresolved external symbol "__declspec(dllimport) public: static class sf::Color const sf::Color::Red" (__imp_?Red@Color@sf@@2V12@B)
Player.obj : error LNK2019: unresolved external symbol "__declspec(dllimport) public: static bool __cdecl sf::Keyboard::isKeyPressed(enum sf::Keyboard::Key)" (__imp_?isKeyPressed@Keyboard@sf@@SA_NW4Key@12@@Z) referenced in function "public: void __cdecl Player::Update(class sf::Event,class Map &)" (?Update@Player@@QEAAXVEvent@sf@@AEAVMap@@@Z)
Player.obj : error LNK2019: unresolved external symbol "__declspec(dllimport) public: void __cdecl sf::Transformable::move(class sf::Vector2<float> const &)" (__imp_?move@Transformable@sf@@QEAAXAEBV?$Vector2@M@2@@Z) referenced in function "public: void __cdecl Player::Update(class sf::Event,class Map &)" (?Update@Player@@QEAAXVEvent@sf@@AEAVMap@@@Z)
Score.obj : error LNK2019: unresolved external symbol "__declspec(dllimport) public: __cdecl sf::String::String(class std::basic_string<char,struct std::char_traits<char>,class std::allocator<char> > const &,class std::locale const &)" (__imp_??0String@sf@@QEAA@AEBV?$basic_string@DU?$char_traits@D@std@@V?$allocator@D@2@@std@@AEBVlocale@3@@Z) referenced in function "public: void __cdecl Score::DrawScore(class sf::RenderWindow &)" (?DrawScore@Score@@QEAAXAEAVRenderWindow@sf@@@Z)
C:\Users\Gicu\Documents\GitHub\FindOrDie\x64\Debug\FindOrDie.exe : fatal error LNK1120: 77 unresolved externals
