sfml-graphics-d.lib(sfml-graphics-d-2.dll) : fatal error LNK1112: module machine type 'X86' conflicts with target machine type 'x64'

Project Performance Summary:
      111 ms  C:\Users\Gicu\Documents\Visual Studio 2015\Projects\SFML\FindOrDie\SFML\SFML.vcxproj   1 calls
                111 ms  Build                                      1 calls

Target Performance Summary:
        0 ms  ComputeManifestInputsTargets               1 calls
        0 ms  BeforeResourceCompile                      1 calls
        0 ms  ComputeCLInputPDBName                      1 calls
        0 ms  AfterBuildCompileEvent                     1 calls
        0 ms  BeforeLink                                 1 calls
        0 ms  ResolveAssemblyReferences                  1 calls
        0 ms  CreateCustomManifestResourceNames          1 calls
        0 ms  ModifyUnitTestPlatformVersion              1 calls
        0 ms  GetReferenceAssemblyPaths                  1 calls
        0 ms  FixupCLCompileOptions                      1 calls
        0 ms  _ClCompile                                 1 calls
        0 ms  SelectCustomBuild                          1 calls
        0 ms  _Midl                                      1 calls
        0 ms  _SelectedFiles                             1 calls
        0 ms  GetResolvedWinMD                           1 calls
        0 ms  AfterMidl                                  1 calls
        0 ms  SelectClCompile                            1 calls
        0 ms  ComputeManifestGeneratedLinkerInputs       1 calls
        0 ms  AfterBuildGenerateSources                  1 calls
        0 ms  BuildCompileTraverse                       1 calls
        0 ms  ExpandSDKReferences                        1 calls
        0 ms  ComputeRCOutputs                           1 calls
        0 ms  BuildLinkTraverse                          1 calls
        0 ms  _ResourceCompile                           1 calls
        0 ms  MakeDirsForResourceCompile                 1 calls
        0 ms  ComputeLinkSwitches                        1 calls
        0 ms  ComputeCustomBuildOutput                   1 calls
        0 ms  _Xsd                                       1 calls
        0 ms  AfterResourceCompile                       1 calls
        0 ms  GetFrameworkPaths                          1 calls
        0 ms  BuildGenerateSources                       1 calls
        0 ms  ResolveReferences                          1 calls
        0 ms  PreLinkEvent                               1 calls
        0 ms  ComputeMIDLGeneratedCompileInputs          1 calls
        0 ms  MakeDirsForLink                            1 calls
        0 ms  Desktop_PlatformPrepareForBuild            1 calls
        0 ms  ComputeCLGeneratedLinkInputs               1 calls
        0 ms  MakeDirsForMidl                            1 calls
        0 ms  PreBuildEvent                              1 calls
        0 ms  ComputeReferenceCLInput                    1 calls
        0 ms  _PrepareForReferenceResolution             1 calls
        0 ms  BeforeResolveReferences                    1 calls
        0 ms  AfterResolveReferences                     1 calls
        0 ms  ComputeCLOutputs                           1 calls
        0 ms  BeforeClCompile                            1 calls
        0 ms  _BuildGenerateSourcesAction                1 calls
        0 ms  PrepareResourceNames                       1 calls
        0 ms  AfterBuildGenerateSourcesEvent             1 calls
        0 ms  ComputeRCGeneratedLinkInputs               1 calls
        0 ms  BuildCompile                               1 calls
        0 ms  AssignProjectConfiguration                 1 calls
        0 ms  BuildGenerateSourcesTraverse               1 calls
        0 ms  AssignTargetPaths                          1 calls
        0 ms  _BuildCompileAction                        1 calls
        0 ms  PlatformPrepareForBuild                    1 calls
        0 ms  AfterClCompile                             1 calls
        0 ms  BeforeBuildGenerateSources                 1 calls
        0 ms  ComputeLegacyManifestEmbedding             1 calls
        0 ms  _SplitProjectReferencesByFileExistence     1 calls
        0 ms  ResolveSDKReferences                       1 calls
        1 ms  _PrepareForBuild                           1 calls
        1 ms  MakeDirsForCl                              1 calls
        1 ms  GetInstalledSDKLocations                   1 calls
        1 ms  ComputeLinkInputsFromProject               1 calls
        1 ms  DoLinkOutputFilesMatch                     1 calls
        1 ms  SplitResourcesByCulture                    1 calls
        1 ms  ResolveProjectReferences                   1 calls
        1 ms  _CheckForInvalidConfigurationAndPlatform   1 calls
        1 ms  SetBuildDefaultEnvironmentVariables        1 calls
        2 ms  PrepareForBuild                            1 calls
        2 ms  InitializeBuildStatus                      1 calls
        3 ms  WarnCompileDuplicatedFilename              1 calls
        3 ms  SetCABuildNativeEnvironmentVariables       1 calls
       11 ms  ClCompile                                  1 calls
       79 ms  Link                                       1 calls
