  Game.cpp
c:\users\gicu\documents\github\findordie\findordie\Enemy.h(19): warning C4267: 'return': conversion from 'size_t' to 'int', possible loss of data
c:\users\gicu\documents\github\findordie\findordie\Enemy.h(25): warning C4267: 'return': conversion from 'size_t' to 'int', possible loss of data
  Map.cpp
Map.cpp(119): warning C4244: 'argument': conversion from 'float' to 'int', possible loss of data
Map.cpp(185): warning C4244: 'initializing': conversion from 'float' to 'int', possible loss of data
C:\Program Files (x86)\Microsoft Visual Studio\2017\Community\VC\Tools\MSVC\14.10.25017\include\utility(189): warning C4244: 'initializing': conversion from 'int' to 'float', possible loss of data
  Map.cpp(98): note: see reference to function template instantiation 'std::pair<float,float>::pair<int,int,void,0>(_Other1 &&,_Other2 &&) noexcept' being compiled
          with
          [
              _Other1=int,
              _Other2=int
          ]
  Map.cpp(98): note: see reference to function template instantiation 'std::pair<float,float>::pair<int,int,void,0>(_Other1 &&,_Other2 &&) noexcept' being compiled
          with
          [
              _Other1=int,
              _Other2=int
          ]
C:\Program Files (x86)\Microsoft Visual Studio\2017\Community\VC\Tools\MSVC\14.10.25017\include\utility(189): warning C4244: 'initializing': conversion from 'double' to 'float', possible loss of data
  Map.cpp(128): note: see reference to function template instantiation 'std::pair<float,float>::pair<_Ty1&,double,void,0>(_Other1,_Other2 &&) noexcept' being compiled
          with
          [
              _Ty1=float,
              _Other1=float &,
              _Other2=double
          ]
  Map.cpp(128): note: see reference to function template instantiation 'std::pair<float,float>::pair<_Ty1&,double,void,0>(_Other1,_Other2 &&) noexcept' being compiled
          with
          [
              _Ty1=float,
              _Other1=float &,
              _Other2=double
          ]
  Generating code
  1222 of 1897 functions (64.4%) were compiled, the rest were copied from previous compilation.
    1110 functions were new in current compilation
    64 functions had inline decision re-evaluated but remain unchanged
  Finished generating code
  FindOrDie.vcxproj -> C:\Users\Gicu\Documents\GitHub\FindOrDie\x64\Release\FindOrDie.exe
