c:\users\gicu\documents\github\findordie\findordie\x64\release\vc141.pdb
c:\users\gicu\documents\github\findordie\findordie\x64\release\player.obj
c:\users\gicu\documents\github\findordie\findordie\x64\release\menu.obj
c:\users\gicu\documents\github\findordie\findordie\x64\release\map.obj
c:\users\gicu\documents\github\findordie\findordie\x64\release\main.obj
c:\users\gicu\documents\github\findordie\findordie\x64\release\gamestates.obj
c:\users\gicu\documents\github\findordie\findordie\x64\release\game.obj
c:\users\gicu\documents\github\findordie\findordie\x64\release\enemy.obj
c:\users\gicu\documents\github\findordie\findordie\x64\release\chests.obj
c:\users\gicu\documents\github\findordie\findordie\x64\release\camera.obj
c:\users\gicu\documents\github\findordie\findordie\x64\release\animation.obj
c:\users\ghita\onedrive\documents\github\findordie\findordie\x64\release\vc141.pdb
c:\users\ghita\onedrive\documents\github\findordie\findordie\x64\release\player.obj
c:\users\ghita\onedrive\documents\github\findordie\findordie\x64\release\menu.obj
c:\users\ghita\onedrive\documents\github\findordie\findordie\x64\release\map.obj
c:\users\ghita\onedrive\documents\github\findordie\findordie\x64\release\main.obj
c:\users\ghita\onedrive\documents\github\findordie\findordie\x64\release\gamestates.obj
c:\users\ghita\onedrive\documents\github\findordie\findordie\x64\release\game.obj
c:\users\ghita\onedrive\documents\github\findordie\findordie\x64\release\enemy.obj
c:\users\ghita\onedrive\documents\github\findordie\findordie\x64\release\chests.obj
c:\users\ghita\onedrive\documents\github\findordie\findordie\x64\release\camera.obj
c:\users\ghita\onedrive\documents\github\findordie\findordie\x64\release\animation.obj
c:\users\gicu\documents\github\findordie\x64\release\findordie.ipdb
c:\users\gicu\documents\github\findordie\x64\release\findordie.iobj
c:\users\gicu\documents\github\findordie\findordie\x64\release\vcpkg.applocal.log
c:\users\gicu\documents\github\findordie\x64\release\sfml-graphics-2.dll
c:\users\gicu\documents\github\findordie\x64\release\sfml-window-2.dll
c:\users\gicu\documents\github\findordie\x64\release\sfml-system-2.dll
c:\users\gicu\documents\github\findordie\x64\release\freetype.dll
c:\users\gicu\documents\github\findordie\x64\release\zlib1.dll
c:\users\gicu\documents\github\findordie\x64\release\libbz2.dll
c:\users\gicu\documents\github\findordie\x64\release\libpng16.dll
c:\users\gicu\documents\github\findordie\x64\release\jpeg62.dll
c:\users\ghita\onedrive\documents\github\findordie\x64\release\findordie.ipdb
c:\users\ghita\onedrive\documents\github\findordie\x64\release\findordie.iobj
c:\users\ghita\onedrive\documents\github\findordie\findordie\x64\release\vcpkg.applocal.log
c:\users\ghita\onedrive\documents\github\findordie\x64\release\sfml-graphics-2.dll
c:\users\ghita\onedrive\documents\github\findordie\x64\release\sfml-window-2.dll
c:\users\ghita\onedrive\documents\github\findordie\x64\release\sfml-system-2.dll
c:\users\ghita\onedrive\documents\github\findordie\x64\release\freetype.dll
c:\users\ghita\onedrive\documents\github\findordie\x64\release\zlib1.dll
c:\users\ghita\onedrive\documents\github\findordie\x64\release\libbz2.dll
c:\users\ghita\onedrive\documents\github\findordie\x64\release\libpng16.dll
c:\users\ghita\onedrive\documents\github\findordie\x64\release\jpeg62.dll
c:\users\gicu\documents\github\findordie\x64\release\findordie.exe
c:\users\gicu\documents\github\findordie\x64\release\findordie.pdb
c:\users\ghita\onedrive\documents\github\findordie\x64\release\findordie.exe
c:\users\ghita\onedrive\documents\github\findordie\x64\release\findordie.pdb
c:\users\ghita\onedrive\documents\github\findordie\findordie\x64\release\findordie.tlog\cl.command.1.tlog
c:\users\ghita\onedrive\documents\github\findordie\findordie\x64\release\findordie.tlog\cl.read.1.tlog
c:\users\ghita\onedrive\documents\github\findordie\findordie\x64\release\findordie.tlog\cl.write.1.tlog
c:\users\ghita\onedrive\documents\github\findordie\findordie\x64\release\findordie.tlog\findordie.write.1u.tlog
c:\users\ghita\onedrive\documents\github\findordie\findordie\x64\release\findordie.tlog\link.command.1.tlog
c:\users\ghita\onedrive\documents\github\findordie\findordie\x64\release\findordie.tlog\link.read.1.tlog
c:\users\ghita\onedrive\documents\github\findordie\findordie\x64\release\findordie.tlog\link.write.1.tlog
