c:\users\gicu\documents\github\findordie\findordie\findordie\debug\vc140.pdb
c:\users\gicu\documents\github\findordie\findordie\findordie\debug\vc140.idb
c:\users\gicu\documents\github\findordie\findordie\findordie\debug\camera.nativecodeanalysis.xml
c:\users\gicu\documents\github\findordie\findordie\findordie\debug\characterselectionmenu.nativecodeanalysis.xml
c:\users\gicu\documents\github\findordie\findordie\findordie\debug\chests.nativecodeanalysis.xml
c:\users\gicu\documents\github\findordie\findordie\findordie\debug\enemy.nativecodeanalysis.xml
c:\users\gicu\documents\github\findordie\findordie\findordie\debug\game.nativecodeanalysis.xml
c:\users\gicu\documents\github\findordie\findordie\findordie\debug\main.nativecodeanalysis.xml
c:\users\gicu\documents\github\findordie\findordie\findordie\debug\mainmenu.nativecodeanalysis.xml
c:\users\gicu\documents\github\findordie\findordie\findordie\debug\map.nativecodeanalysis.xml
c:\users\gicu\documents\github\findordie\findordie\findordie\debug\pausemenu.nativecodeanalysis.xml
c:\users\gicu\documents\github\findordie\findordie\findordie\debug\player.nativecodeanalysis.xml
c:\users\gicu\documents\github\findordie\findordie\findordie\debug\resolutionmenu.nativecodeanalysis.xml
c:\users\gicu\documents\github\findordie\findordie\findordie\debug\score.nativecodeanalysis.xml
c:\users\gicu\documents\github\findordie\findordie\findordie\debug\score.obj
c:\users\gicu\documents\github\findordie\findordie\findordie\debug\resolutionmenu.obj
c:\users\gicu\documents\github\findordie\findordie\findordie\debug\player.obj
c:\users\gicu\documents\github\findordie\findordie\findordie\debug\pausemenu.obj
c:\users\gicu\documents\github\findordie\findordie\findordie\debug\map.obj
c:\users\gicu\documents\github\findordie\findordie\findordie\debug\mainmenu.obj
c:\users\gicu\documents\github\findordie\findordie\findordie\debug\main.obj
c:\users\gicu\documents\github\findordie\findordie\findordie\debug\game.obj
c:\users\gicu\documents\github\findordie\findordie\findordie\debug\enemy.obj
c:\users\gicu\documents\github\findordie\findordie\findordie\debug\chests.obj
c:\users\gicu\documents\github\findordie\findordie\findordie\debug\characterselectionmenu.obj
c:\users\gicu\documents\github\findordie\findordie\findordie\debug\camera.obj
c:\users\gicu\documents\github\findordie\findordie\debug\findordie.ilk
c:\users\gicu\documents\github\findordie\findordie\debug\findordie.exe
c:\users\gicu\documents\github\findordie\findordie\debug\findordie.pdb
c:\users\gicu\documents\github\findordie\findordie\findordie\debug\nativecodeanalysis.read.1.tlog
c:\users\gicu\documents\github\findordie\findordie\findordie\debug\vc.nativecodeanalysis.all.xml
c:\users\gicu\documents\github\findordie\findordie\debug\findordie.exe.lastcodeanalysissucceeded
c:\users\gicu\documents\github\findordie\findordie\findordie\debug\findordie.tlog\cl.command.1.tlog
c:\users\gicu\documents\github\findordie\findordie\findordie\debug\findordie.tlog\cl.read.1.tlog
c:\users\gicu\documents\github\findordie\findordie\findordie\debug\findordie.tlog\cl.write.1.tlog
c:\users\gicu\documents\github\findordie\findordie\findordie\debug\findordie.tlog\link.command.1.tlog
c:\users\gicu\documents\github\findordie\findordie\findordie\debug\findordie.tlog\link.read.1.tlog
c:\users\gicu\documents\github\findordie\findordie\findordie\debug\findordie.tlog\link.write.1.tlog
