c:\users\gicu\documents\github\findordie\findordie\findordie\x64\debug\vc141.pdb
c:\users\gicu\documents\github\findordie\findordie\findordie\x64\debug\vc141.idb
c:\users\gicu\documents\github\findordie\findordie\findordie\x64\debug\camera.obj
c:\users\gicu\documents\github\findordie\findordie\findordie\x64\debug\characterselectionmenu.obj
c:\users\gicu\documents\github\findordie\findordie\findordie\x64\debug\chests.obj
c:\users\gicu\documents\github\findordie\findordie\findordie\x64\debug\enemy.obj
c:\users\gicu\documents\github\findordie\findordie\findordie\x64\debug\game.obj
c:\users\gicu\documents\github\findordie\findordie\findordie\x64\debug\main.obj
c:\users\gicu\documents\github\findordie\findordie\findordie\x64\debug\mainmenu.obj
c:\users\gicu\documents\github\findordie\findordie\findordie\x64\debug\map.obj
c:\users\gicu\documents\github\findordie\findordie\findordie\x64\debug\pausemenu.obj
c:\users\gicu\documents\github\findordie\findordie\findordie\x64\debug\player.obj
c:\users\gicu\documents\github\findordie\findordie\findordie\x64\debug\resolutionmenu.obj
c:\users\gicu\documents\github\findordie\findordie\findordie\x64\debug\score.obj
c:\users\gicu\documents\github\findordie\findordie\x64\debug\findordie.pdb
c:\users\gicu\documents\github\findordie\findordie\findordie\x64\debug\findordie.tlog\cl.command.1.tlog
c:\users\gicu\documents\github\findordie\findordie\findordie\x64\debug\findordie.tlog\cl.read.1.tlog
c:\users\gicu\documents\github\findordie\findordie\findordie\x64\debug\findordie.tlog\cl.write.1.tlog
c:\users\gicu\documents\github\findordie\findordie\findordie\x64\debug\findordie.tlog\link-cvtres.read.1.tlog
c:\users\gicu\documents\github\findordie\findordie\findordie\x64\debug\findordie.tlog\link-cvtres.write.1.tlog
c:\users\gicu\documents\github\findordie\findordie\findordie\x64\debug\findordie.tlog\link-rc.read.1.tlog
c:\users\gicu\documents\github\findordie\findordie\findordie\x64\debug\findordie.tlog\link-rc.write.1.tlog
c:\users\gicu\documents\github\findordie\findordie\findordie\x64\debug\findordie.tlog\link.command.1.tlog
c:\users\gicu\documents\github\findordie\findordie\findordie\x64\debug\findordie.tlog\link.read.1.tlog
c:\users\gicu\documents\github\findordie\findordie\findordie\x64\debug\findordie.tlog\link.write.1.tlog
