  Chests.cpp
  Enemy.cpp
Enemy.cpp(95): warning C4244: '=': conversion from 'float' to 'int', possible loss of data
Enemy.cpp(96): warning C4244: '=': conversion from 'float' to 'int', possible loss of data
  Game.cpp
  Map.cpp
Map.cpp(119): warning C4244: 'argument': conversion from 'float' to 'int', possible loss of data
Map.cpp(185): warning C4244: 'initializing': conversion from 'float' to 'int', possible loss of data
C:\Program Files (x86)\Microsoft Visual Studio\2017\Community\VC\Tools\MSVC\14.10.25017\include\utility(189): warning C4244: 'initializing': conversion from 'int' to 'float', possible loss of data
  Map.cpp(98): note: see reference to function template instantiation 'std::pair<float,float>::pair<int,int,void,0>(_Other1 &&,_Other2 &&) noexcept' being compiled
          with
          [
              _Other1=int,
              _Other2=int
          ]
  Map.cpp(98): note: see reference to function template instantiation 'std::pair<float,float>::pair<int,int,void,0>(_Other1 &&,_Other2 &&) noexcept' being compiled
          with
          [
              _Other1=int,
              _Other2=int
          ]
C:\Program Files (x86)\Microsoft Visual Studio\2017\Community\VC\Tools\MSVC\14.10.25017\include\utility(189): warning C4244: 'initializing': conversion from 'double' to 'float', possible loss of data
  Map.cpp(128): note: see reference to function template instantiation 'std::pair<float,float>::pair<_Ty1&,double,void,0>(_Other1,_Other2 &&) noexcept' being compiled
          with
          [
              _Ty1=float,
              _Other1=float &,
              _Other2=double
          ]
  Map.cpp(128): note: see reference to function template instantiation 'std::pair<float,float>::pair<_Ty1&,double,void,0>(_Other1,_Other2 &&) noexcept' being compiled
          with
          [
              _Ty1=float,
              _Other1=float &,
              _Other2=double
          ]
  Menu.cpp
Menu.cpp(52): warning C4018: '<': signed/unsigned mismatch
  Player.cpp
Player.cpp(170): warning C4244: 'argument': conversion from 'const float' to 'int', possible loss of data
Player.cpp(170): warning C4244: 'argument': conversion from 'float' to 'int', possible loss of data
  main.cpp
  Generating code
  0 of 1897 functions ( 0.0%) were compiled, the rest were copied from previous compilation.
    0 functions were new in current compilation
    24 functions had inline decision re-evaluated but remain unchanged
  Finished generating code
  FindOrDie.vcxproj -> C:\Users\Gicu\Documents\GitHub\FindOrDie\Release\FindOrDie.exe
