c:\users\gicu\documents\github\findordie\sfml\debug\vc140.pdb
c:\users\gicu\documents\github\findordie\sfml\debug\vc140.idb
c:\users\gicu\documents\github\findordie\sfml\debug\animation.obj
c:\users\gicu\documents\github\findordie\sfml\debug\characterselectionmenu.obj
c:\users\gicu\documents\github\findordie\sfml\debug\main.obj
c:\users\gicu\documents\github\findordie\sfml\debug\mainmenu.obj
c:\users\gicu\documents\github\findordie\sfml\debug\pausemenu.obj
c:\users\gicu\documents\github\findordie\sfml\debug\player.obj
c:\users\gicu\documents\github\findordie\sfml\debug\tilemap.obj
c:\users\gicu\documents\github\findordie\sfml\debug\map.obj
c:\users\gicu\documents\github\findordie\sfml\debug\camera.obj
c:\users\gicu\documents\github\findordie\sfml\debug\resolutionmenu.obj
c:\users\gicu\documents\github\findordie\sfml\debug\enemy.obj
c:\users\gicu\documents\github\findordie\sfml\debug\collider.obj
c:\users\gicu\documents\github\findordie\sfml\debug\game.obj
c:\users\gicu\documents\github\findordie\sfml\debug\chests.obj
c:\users\gicu\documents\github\findordie\sfml\debug\score.obj
c:\users\gicu\documents\github\findordie\debug\sfml.ilk
c:\users\gicu\documents\github\findordie\debug\sfml.exe
c:\users\gicu\documents\github\findordie\debug\sfml.pdb
c:\users\gicu\documents\github\findordie\debug\sfml.lib
c:\users\gicu\documents\github\findordie\debug\sfml.exp
c:\users\gicu\documents\github\findordie\sfml\debug\characterselection.obj
c:\users\gicu\documents\github\findordie\sfml\debug\menu.obj
c:\users\gicu\documents\github\findordie\sfml\debug\enemy.obj.enc
c:\users\gicu\documents\github\findordie\sfml\debug\sfml.tlog\cl.command.1.tlog
c:\users\gicu\documents\github\findordie\sfml\debug\sfml.tlog\cl.read.1.tlog
c:\users\gicu\documents\github\findordie\sfml\debug\sfml.tlog\cl.write.1.tlog
c:\users\gicu\documents\github\findordie\sfml\debug\sfml.tlog\link.command.1.tlog
c:\users\gicu\documents\github\findordie\sfml\debug\sfml.tlog\link.read.1.tlog
c:\users\gicu\documents\github\findordie\sfml\debug\sfml.tlog\link.write.1.tlog
c:\users\gicu\documents\github\findordie\sfml\debug\sfml.tlog\sfml.write.1u.tlog
