  Enemy.cpp
c:\users\gicu\documents\github\findordie\sfml\enemy.cpp(118): warning C4244: '=': conversion from 'float' to 'int', possible loss of data
c:\users\gicu\documents\github\findordie\sfml\enemy.cpp(119): warning C4244: '=': conversion from 'float' to 'int', possible loss of data
c:\users\gicu\documents\github\findordie\sfml\enemy.cpp(127): error C2065: 'switchTime': undeclared identifier
c:\users\gicu\documents\github\findordie\sfml\enemy.cpp(128): error C2065: 'switchTime': undeclared identifier
  Generating Code...
  Compiling...
  Game.cpp
c:\users\gicu\documents\github\findordie\sfml\mainmenu.h(4): warning C4005: 'MAX_NUMBER_OF_ITEMS': macro redefinition
  c:\users\gicu\documents\github\findordie\sfml\characterselectionmenu.h(5): note: see previous definition of 'MAX_NUMBER_OF_ITEMS'
c:\users\gicu\documents\github\findordie\sfml\resolutionmenu.h(3): warning C4005: 'MAX_NUMBER_OF_ITEMS': macro redefinition
  c:\users\gicu\documents\github\findordie\sfml\mainmenu.h(4): note: see previous definition of 'MAX_NUMBER_OF_ITEMS'
c:\users\gicu\documents\github\findordie\sfml\game.cpp(20): warning C4244: 'argument': conversion from 'unsigned int' to 'float', possible loss of data
c:\users\gicu\documents\github\findordie\sfml\game.cpp(36): warning C4244: 'argument': conversion from 'float' to 'unsigned int', possible loss of data
c:\users\gicu\documents\github\findordie\sfml\game.cpp(39): warning C4244: 'argument': conversion from 'unsigned int' to 'float', possible loss of data
c:\users\gicu\documents\github\findordie\sfml\game.cpp(40): warning C4244: 'argument': conversion from 'unsigned int' to 'float', possible loss of data
c:\users\gicu\documents\github\findordie\sfml\game.cpp(41): warning C4244: 'argument': conversion from 'unsigned int' to 'float', possible loss of data
  Generating Code...
  Skipping... (no relevant changes detected)
  Map.cpp
  main.cpp

Project Performance Summary:
     1202 ms  C:\Users\Gicu\Documents\GitHub\FindOrDie\SFML\SFML.vcxproj   1 calls
               1202 ms  Build                                      1 calls

Target Performance Summary:
        0 ms  _BuildGenerateSourcesAction                1 calls
        0 ms  ResolveSDKReferences                       1 calls
        0 ms  Desktop_PlatformPrepareForBuild            1 calls
        0 ms  BuildGenerateSourcesTraverse               1 calls
        0 ms  AssignProjectConfiguration                 1 calls
        0 ms  ComputeMIDLGeneratedCompileInputs          1 calls
        0 ms  SelectClCompile                            1 calls
        0 ms  MakeDirsForMidl                            1 calls
        0 ms  GetFrameworkPaths                          1 calls
        0 ms  ResolveAssemblyReferences                  1 calls
        0 ms  FixupCLCompileOptions                      1 calls
        0 ms  _Midl                                      1 calls
        0 ms  AfterResolveReferences                     1 calls
        0 ms  PlatformPrepareForBuild                    1 calls
        0 ms  AfterBuildGenerateSources                  1 calls
        0 ms  BuildCompileTraverse                       1 calls
        0 ms  BuildGenerateSources                       1 calls
        0 ms  GetReferenceAssemblyPaths                  1 calls
        0 ms  ResolveReferences                          1 calls
        0 ms  SelectCustomBuild                          1 calls
        0 ms  BeforeResolveReferences                    1 calls
        0 ms  BeforeClCompile                            1 calls
        0 ms  ComputeCLInputPDBName                      1 calls
        0 ms  ExpandSDKReferences                        1 calls
        0 ms  GetResolvedWinMD                           1 calls
        0 ms  GetInstalledSDKLocations                   1 calls
        0 ms  BeforeBuildGenerateSources                 1 calls
        0 ms  AfterBuildGenerateSourcesEvent             1 calls
        0 ms  _Xsd                                       1 calls
        0 ms  _SplitProjectReferencesByFileExistence     1 calls
        0 ms  _PrepareForReferenceResolution             1 calls
        0 ms  ModifyUnitTestPlatformVersion              1 calls
        1 ms  ComputeReferenceCLInput                    1 calls
        1 ms  _SelectedFiles                             1 calls
        1 ms  AfterMidl                                  1 calls
        1 ms  MakeDirsForCl                              1 calls
        1 ms  _PrepareForBuild                           1 calls
        1 ms  SetBuildDefaultEnvironmentVariables        1 calls
        1 ms  ResolveProjectReferences                   1 calls
        1 ms  _CheckForInvalidConfigurationAndPlatform   1 calls
        2 ms  WarnCompileDuplicatedFilename              1 calls
        3 ms  PreBuildEvent                              1 calls
        3 ms  PrepareForBuild                            1 calls
        4 ms  InitializeBuildStatus                      1 calls
        4 ms  SetCABuildNativeEnvironmentVariables       1 calls
     1182 ms  ClCompile                                  1 calls
